<?xml version="1.0" encoding="UTF-8"?>
<testng-results ignored="0" total="1" passed="1" failed="0" skipped="0">
  <reporter-output>
  </reporter-output>
  <suite started-at="2024-07-17T22:23:12 IST" name="Default suite" finished-at="2024-07-17T22:23:37 IST" duration-ms="24766">
    <groups>
    </groups>
    <test started-at="2024-07-17T22:23:12 IST" name="Default test" finished-at="2024-07-17T22:23:37 IST" duration-ms="24766">
      <class name="Products.CreateProductAndDeleteProductTest">
        <test-method is-config="true" signature="BS()[pri:0, instance:Products.CreateProductAndDeleteProductTest@1a482e36]" started-at="2024-07-17T22:23:12 IST" name="BS" finished-at="2024-07-17T22:23:12 IST" duration-ms="7" status="PASS">
          <reporter-output>
          </reporter-output>
        </test-method> <!-- BS -->
        <test-method is-config="true" signature="BT()[pri:0, instance:Products.CreateProductAndDeleteProductTest@1a482e36]" started-at="2024-07-17T22:23:12 IST" name="BT" finished-at="2024-07-17T22:23:12 IST" duration-ms="2" status="PASS">
          <reporter-output>
          </reporter-output>
        </test-method> <!-- BT -->
        <test-method is-config="true" signature="BC()[pri:0, instance:Products.CreateProductAndDeleteProductTest@1a482e36]" started-at="2024-07-17T22:23:12 IST" name="BC" finished-at="2024-07-17T22:23:14 IST" duration-ms="1670" status="PASS">
          <reporter-output>
          </reporter-output>
        </test-method> <!-- BC -->
        <test-method is-config="true" signature="BM()[pri:0, instance:Products.CreateProductAndDeleteProductTest@1a482e36]" started-at="2024-07-17T22:23:14 IST" name="BM" finished-at="2024-07-17T22:23:23 IST" duration-ms="9394" status="PASS">
          <reporter-output>
          </reporter-output>
        </test-method> <!-- BM -->
        <test-method signature="createProductAndDeleteProductTest()[pri:0, instance:Products.CreateProductAndDeleteProductTest@1a482e36]" started-at="2024-07-17T22:23:23 IST" name="createProductAndDeleteProductTest" finished-at="2024-07-17T22:23:35 IST" duration-ms="11777" status="PASS">
          <reporter-output>
          </reporter-output>
        </test-method> <!-- createProductAndDeleteProductTest -->
        <test-method is-config="true" signature="AM()[pri:0, instance:Products.CreateProductAndDeleteProductTest@1a482e36]" started-at="2024-07-17T22:23:35 IST" name="AM" finished-at="2024-07-17T22:23:37 IST" duration-ms="1791" status="PASS">
          <reporter-output>
          </reporter-output>
        </test-method> <!-- AM -->
        <test-method is-config="true" signature="AC()[pri:0, instance:Products.CreateProductAndDeleteProductTest@1a482e36]" started-at="2024-07-17T22:23:37 IST" name="AC" finished-at="2024-07-17T22:23:37 IST" duration-ms="101" status="PASS">
          <reporter-output>
          </reporter-output>
        </test-method> <!-- AC -->
        <test-method is-config="true" signature="AT()[pri:0, instance:Products.CreateProductAndDeleteProductTest@1a482e36]" started-at="2024-07-17T22:23:37 IST" name="AT" finished-at="2024-07-17T22:23:37 IST" duration-ms="1" status="PASS">
          <reporter-output>
          </reporter-output>
        </test-method> <!-- AT -->
        <test-method is-config="true" signature="AS()[pri:0, instance:Products.CreateProductAndDeleteProductTest@1a482e36]" started-at="2024-07-17T22:23:37 IST" name="AS" finished-at="2024-07-17T22:23:37 IST" duration-ms="0" status="PASS">
          <reporter-output>
          </reporter-output>
        </test-method> <!-- AS -->
      </class> <!-- Products.CreateProductAndDeleteProductTest -->
    </test> <!-- Default test -->
  </suite> <!-- Default suite -->
</testng-results>
